<?xml version="1.0" encoding="utf-8"?><testsuites name="pytest tests"><testsuite name="pytest" errors="0" failures="0" skipped="0" tests="9" time="3.141" timestamp="2026-01-15T13:03:36.140839+00:00" hostname="agent-env-b5d06e39-435c-4e18-887f-0f3be1a030aa"><testcase classname="tests.test_cover_logic_bugfix.TestCoverLogicBugFix" name="test_api_health" time="0.333" /><testcase classname="tests.test_cover_logic_bugfix.TestCoverLogicBugFix" name="test_generate_picks_returns_data" time="0.332" /><testcase classname="tests.test_cover_logic_bugfix.TestCoverLogicBugFix" name="test_bug_case_1_orl_vs_mem" time="0.333" /><testcase classname="tests.test_cover_logic_bugfix.TestCoverLogicBugFix" name="test_bug_case_2_sas_vs_mil" time="0.335" /><testcase classname="tests.test_cover_logic_bugfix.TestCoverLogicBugFix" name="test_all_edges_are_positive" time="0.334" /><testcase classname="tests.test_cover_logic_bugfix.TestCoverLogicBugFix" name="test_recommended_side_consistent_with_cover" time="0.357" /><testcase classname="tests.test_cover_logic_bugfix.TestCoverLogicBugFix" name="test_bet_string_matches_side" time="0.348" /><testcase classname="tests.test_cover_logic_bugfix.TestCoverLogicBugFix" name="test_operative_filters_working" time="0.352" /><testcase classname="tests.test_cover_logic_bugfix.TestCoverLogicBugFix" name="test_debug_endpoint_consistent" time="0.349" /></testsuite></testsuites>