<?xml version="1.0" encoding="utf-8"?><testsuites name="pytest tests"><testsuite name="pytest" errors="0" failures="0" skipped="0" tests="11" time="1.539" timestamp="2026-01-15T12:48:42.601093+00:00" hostname="agent-env-b5d06e39-435c-4e18-887f-0f3be1a030aa"><testcase classname="test_live_ops_e2e.TestLiveOpsE2E" name="test_01_sync_upcoming" time="0.541" /><testcase classname="test_live_ops_e2e.TestLiveOpsE2E" name="test_02_sync_odds" time="0.182" /><testcase classname="test_live_ops_e2e.TestLiveOpsE2E" name="test_03_check_model_status" time="0.034" /><testcase classname="test_live_ops_e2e.TestLiveOpsE2E" name="test_04_generate_picks_operative" time="0.080" /><testcase classname="test_live_ops_e2e.TestLiveOpsE2E" name="test_05_snapshot_close_lines" time="0.036" /><testcase classname="test_live_ops_e2e.TestLiveOpsE2E" name="test_06_verify_history_clv" time="0.077" /><testcase classname="test_live_ops_e2e.TestLiveOpsE2E" name="test_07_verify_upcoming_events" time="0.039" /><testcase classname="test_live_ops_e2e.TestLiveOpsE2E" name="test_08_verify_picks_endpoint" time="0.035" /><testcase classname="test_live_ops_e2e.TestOperativeFilters" name="test_operative_vs_non_operative_mode" time="0.450" /><testcase classname="test_live_ops_e2e.TestCLVCalculation" name="test_clv_formula_home" time="0.000" /><testcase classname="test_live_ops_e2e.TestCLVCalculation" name="test_clv_formula_away" time="0.000" /></testsuite></testsuites>