<?xml version="1.0" encoding="utf-8"?><testsuites name="pytest tests"><testsuite name="pytest" errors="0" failures="0" skipped="0" tests="19" time="0.949" timestamp="2026-01-15T12:48:44.829644+00:00" hostname="agent-env-b5d06e39-435c-4e18-887f-0f3be1a030aa"><testcase classname="test_production" name="test_model_version_presence" time="0.000" /><testcase classname="test_production" name="test_config_snapshot_immutable" time="0.000" /><testcase classname="test_production" name="test_recommended_side_logic" time="0.000" /><testcase classname="test_production" name="test_recommended_bet_string_sign" time="0.000" /><testcase classname="test_production" name="test_operational_filters" time="0.000" /><testcase classname="test_production" name="test_clv_calculation_normalized" time="0.000" /><testcase classname="test_production" name="test_close_snapshot_logic" time="0.000" /><testcase classname="test_production" name="test_do_not_bet_reasons" time="0.000" /><testcase classname="test_production" name="test_signal_thresholds" time="0.000" /><testcase classname="test_production" name="test_edge_calculation" time="0.000" /><testcase classname="test_production" name="test_metrics_structure" time="0.000" /><testcase classname="test_prediction_pipeline" name="test_signal_thresholds_green" time="0.000" /><testcase classname="test_prediction_pipeline" name="test_signal_thresholds_yellow" time="0.000" /><testcase classname="test_prediction_pipeline" name="test_signal_thresholds_red" time="0.000" /><testcase classname="test_prediction_pipeline" name="test_no_leakage_feature_dates" time="0.000" /><testcase classname="test_prediction_pipeline" name="test_leakage_future_games" time="0.000" /><testcase classname="test_prediction_pipeline" name="test_prediction_not_constant_on_sample" time="0.798" /><testcase classname="test_prediction_pipeline" name="test_zero_features_yield_intercept" time="0.001" /><testcase classname="test_prediction_pipeline" name="test_different_inputs_different_outputs" time="0.001" /></testsuite></testsuites>